[    0.000000] Initializingccgroup sbbsys cpuset
[    0.000000] Initializing cgroup subsys cuu
[    0.000000] Initializing cgroup subsys cpuacct
[    0.000000] Linux version 4.4.0-119-generic (buildd@lcy01-amd64-013) (gcc version 5.4.0 20160609 (Ubuntu 5.4.0-6ubuntu1~16.04.9) ) #143-Ubuntu SMP Mon Apr 2 16:08:24 UTC 2018 (Ubuntu 4.4.0-119.143-generic 4.4.114)
[    0.000000] Command line: BOOT_IMAGE=/boot/vmlinuz-4.4.0-119-generic root=UUID=b6adc449-5e3d-4331-ba6b-6e99a75aa88e ro console=tty1 console=ttyS0
[    0.000000] KERNEL supported cpus:
[    0.000000]   Intel GenuineIntel
[    0.000000]   AMD AuthenticAMD
[    0.000000]   Centaur CentaurHauls
[    0.000000] x86/fpu: xstate_offset[2]:  576, xstate_sizes[2]:  256
[    0.000000] x86/fpu: Supoorting XSAVE feature 0x01: 'x87 floating point registers'
[    0.000000] x86/fpu: Supporting XSAVE feature 0x02: 'SSE registers'
[    0.000000] x86/fpu: Supporting XSAVE feature 0x04: 'AVX registers'
[    0.000000] x86/fpu: Enabled xstate features 0x7, context size is 832 bytes, using 'standard' format.
[    0.000000] x86/fpu: Using 'lazy' FPU context switches.
[    0.000000] e820: BIOS-proiided physical RAM map:
[    0.000000] BIOS-e820: [mem 0x0000000000000000-0x000000000009fbff] usable
[    0.000000] BIOS-e820: [mem 0x000000000009fc00-0x000000000009ffff] reserved
[    0.000000] BIOS-e820: [mem 0x00000000000f0000-0x00000000000fffff] reserved
[    0.000000] BIOS-e820: [mem 0x0000000000100000-0x000000001ffeffff] usable
[    0.000000] BIOS-e820: [mem 0x000000001fff0000-0x000000001fffffff] ACPI data
[    0.000000] BIOS-e820: [mem 0x00000000fec00000-0x00000000fec00fff] reserved
[    0.000000] BIOS-e820: [mem 0x00000000fee00000-0x00000000fee00fff] reserved

[    0.000000] BIOS-e820: [mem 0x00000000fffc0000-0x00000000ffffffff] reserved
[    0.000000] NX EEeecute Disable) protection: active
[    0.000000] SMBIOS 2.5 present.
[    0.000000] Hppervisor detected: KV
[    0.000000] e820: last_pfn = 0x1fff0 max_arch_pfn = 0x400000000
[    0.000000] MTRR: Disabled
[    0.000000] x86/PAT: MTRRs disabled, skipping PAT initialization too.
[    0.000000] CPU MTRRs all blank - virtualized system.
[    0.000000] x86/PAT: Configuration [0-7]: WB  WT  UC- UC  WB  WT  UC- UC  
[    0.000000] found SMP MP-table at [mem 0x0009fff0-0x0009ffff] mapped at [ffff88000009fff0]
[    0.000000] Scanning 1 areas for low memory corruption
[    0.000000] RAMDISK: [mem 0x1e802000-0x1f6ecfff]
[    0.000000] ACPI: Early table checksum verification disabled
[    0.000000] ACPI: RSDP 0x00000000000E0000 000024 (v02 VBOX  )
[    0.000000] ACPI: XSDT 0x000000001FFF0030 00003C (v01 VBOX   VBOXXSDT 00000001 ASL  00000061)
[    0.000000] ACPI: FACP 0x000000001FFF00F0 0000F4 (v04 VBOX   VBOXFACP 00000001 ASL  00000061)
[    0.000000] ACPI: DSDT 0x000000001FFF0470 0021FF (v02 VBOX   VBOXBIOS 00000002 INTL 20100528)
[    0.000000] ACPI: FACS 0x000000001FFF0200 000040
[    0.000000] ACPI: FACS 0x000000001FFF0200 000040
[    0.000000] ACPI: APIC 0x000000001FFF0240 000054 (v02 VBOX   VBOXAPIC 00000001 ASL  00000061)
[    0.000000] ACPI: SSDT 0x000000001FFF02A0 0001CC (v01 VBOX   VBOXCPUT 00000002 INTL 20100528)
[    0.000000] No NUMA configuration found
[    0.000000] Faking a node at [mem 0x0000000000000000-0x000000001ffeffff]
[    0.000000] NODE_DATA(0) allocated [mem 0x1ffeb000-0x1ffeffff]
[    0.000000] kvm-clock: Using msrs 4b564d01 and 4b564d00
[    0.000000] kvm-clock: cpu 0, msr 0:1ffe3001, primary cpu clock
[    0.000000] kvm-clock: using sched offset of 4312338541 cycles
[    0.000000] clocksource: kvm-clock: mask: 0xffffffffffffffff max_cycles: 0x1cd42e4dffb, max_idle_ns: 881590591483 ns
[    0.000000] Zone ranges:
[    0.000000]   DMA      [mem 0x0000000000001000-0x0000000000ffffff]
[    0.000000]   DMA32    [mem 0x0000000001000000-0x000000001ffeffff]
[    0.000000]   Normal   empty
[    0.000000]   Device   empty
[    0.000000] Movable zone start for each node
[    0.000000] Early memory node ranges
[    0.000000]   node   0: [mem 0x0000000000001000-0x000000000009efff]
[    0.000000]   node   0: [mem 0x0000000000100000-0x000000001ffeffff]
[    0.000000] Initmem setup node 0 [mem 0x0000000000001000-0x000000001ffeffff]
[    0.000000] ACPI: PM-Timer IO Port: 0x4008
[    0.000000] IOAPIC[0]: apic_id 1, version 32, address 0xfec00000, GSI 0-23
[    0.000000] ACPI: INT_SRC_OVR (bus 0 bus_irq 0 global_irq 2 dfl dfl)
[    0.000000] ACPI: INT_SRC_OVR (bus 0 bus_irq 9 global_irq 9 high level)
[    0.000000] Using ACPI (MADT) for SMP configuration information
[    0.000000] smpboo:: Allowing 1 CPUs, 0 hotplug CPUs
[    0.000000] PM: Registere  nosave memory: [mem 0x00000000-0x00000fff]
[    0.000000] PM: Registered nosave memory: [mem 0x0009f000-0x0009ffff]
[    0.000000] PM: Registered nosave memory: [mem 0x000a0000-0x000effff]
[    0.000000] PM: Registered nosave memory: [mem 0x000f0000-0x000fffff]
[    0.000000] e820: [mem 0x20000000-0xfebfffff] available for PCI devices
[    0.000000] Booting paravirtualized kernel on KVM
[    0.000000] clocksource: refined-jiffies: mask: 0xffffffff max_cycles: 0xffffffff, max_idle_ns: 7645519600211568 ns
[    0.000000] setup_percpu: NR_CPUS:512 nr_cpumask_bits:512 nr_cpu_ids:1 nr_node_ids:1
[    0.000000] PERCPU: Embedded 34 pages/cpu @ffff88001fc00000 s99544 r8192 d31528 u2097152
[    0.000000] PV qspinlock hash table entries: 256 (order: 0, 4096 bytes)
[    0.000000] Built 1 zonelists in Node order, mobility grouping on.  Total pages: 128888
[    0.000000] Policy zone: DMA32
[    0.000000] Kernel command line: BOOT_IMAGE=/boot/vmlinuz-4.4.0-119-generic root=UUID=b6adc449-5e3d-4331-ba6b-6e99a75fa48e ro console=tty1 console=ttyS0

[    0.000000] PID hash table entries: 2048 (order: 2, 16384 bytes)
[    0.000000] Memory: 481304K/523832K available (8532K kernel code, 1313K rwdata, 3996K rodata, 1508K init, 1316K bss, 42528K reserved, 0K cma-reserved)
[    0.000000] SLUB: HWalign=64, Order=0-3, MinObjects=0, CPUs=1, Nodes=1
[    0.000000] Kernel/User page tables isolation: enabled
[    0.000000] Hierarchical RCU implementation.
[    0.000000] 	Build-time adjustment of leaf fanout to 64.
[    0.000000] 	RCU restricting CPUs from NR_CPUS=512 to nr_cpu_id==1.
[    0.000000] RCU: Adjusting geometry for rcu_fanout_leaf=64, nr_cpu_ids=1
[    0.000000] NR_IRQS:33024 nr_irqs:256 16
[    0.000000] Console: colour VGA+ 80x25
[    0.000000] console [tty1] enabled
[    0.000000] console [ttyS0] enabled
[    0.000000] tsc: Detected 22947700 MHz processor
[    8.411161] Calibrating delay loop (skipped) preset value.. 4589.54 BogoMIPS (lpj=9179080)
[    8.529120] pid_max: default: 32768 minimum: 301
[    8.606768] ACPI: Core revision 20150930
[    8.631604] ACPI: 2 ACPI AML tables successfully acquired and loaded
[    8.665104] Security Framework initialized
[    8.697244] Yama: becoming mindful.
[    8.728870] AppArmor: AppArmor initialized
[    8.767247] Dentry cache hash table entries: 65536 (order: 7, 524288 bytes)
[    8.822272] Inode-cache hash table entries: 32768 (order: 6, 262144 bytes)
[    8.869172] Mount-cache hash table entries: 1024 (order: 1, 8192 bytes)
[    9.032760] Mountpoint-cache hash table entries: 1024 (order: 1, 8192 bytes)
[    9.173719] Initializing cgroup subsys io
[    9.197806] Initializing cgroup subsys memory
[    9.248523] Initializing cgroup subsys devices
[    9.348553] Initializing cgroup subsys freezer
[    9.359371] Initializing cgroup subsys net_cls
[    9.446747] Initializing cgroup subsys perf_event
[    9.494692] Initializing cgroup subsys net_prio
[    9.550856] Initializing cgroup subsys hugetlb
[    9.556956] Initializing cgroup subsys pids
[    9.561613] CPU: Physical Processor ID: 0
[    9.625028] FEATURE SPEC_CTRL Not Present
[    9.688860] mce: CPU supports 0 MCE banks
[    9.771870] process: using mwait in idle threads
[    9.793830] Last level iTLB entries: 4KB 512, 2MB 8, 4MB 8
[    9.819498] Last level dTLB entries: 4KB 512, 2MB 32, 4MB 32, 1GB 0
[    9.846057] Spectre V2 mitigation: Mitigation: Full generic retpoline
[    9.881580] Spectre V2 mitigation: Speculation control IBPB not-supported IBRS not-supported
[   10.030635] Freeing SMP alternatives memory: 32K
[   10.075639] ftrace: allocating 32195 entries in 126 pages
[   10.202579] smpboot: APIC(0) Converting physical 0 to logical package 0
[   10.249715] smpboot: Max logical packages: 1
[   10.280087] x2apic enabled
[   10.319716] Switched APIC routing to physical x2apic.
[   10.360217] ..TIMER: vector=0x30 apic1=0 pin1=2 apic2=-1 pin2=-1
[   10.523444] smpboot: CPU0: Intel(R) Core(TM) i5-3427U CPU @ 1.80GHz (family: 0x6, model: 0x3a, stepping: 0x9)
[   10.568557] Performance Events: unsupported p6 CPU model 58 no PMU driver, software events only.
[   10.655721] KVM setup paravirtual spinlock
[   10.709098] x86: Booted up 1 node, 1 CPUs
[   10.785960] smpboot: Total of 1 processors activated (4589.54 BogoMIPS)
[   10.857474] devtmpfs: initialized
[   10.896044] evm: security.selinux
[   10.932472] evm: security.SMACK64
[   10.947236] evm: security.SMACK64EXEC
[   10.967900] evm: security.SMACK64TRANSMUTE
[   10.986575] evm: security.SMACK64MMAP
[   11.006472] evm: security.ima
[   11.042387] evm: security.capability
[   11.093352] clocksource: jiffies: mask: 0xffffffff max_cycles: 0xffffffff, max_idle_ns: 7645041785100000 ns
[   11.249067] futex hash table entries: 256 (order: 2, 16384 bytes)
[   11.327022] pinctrl core: initialized pinctrl subsystem
[   11.387019] RTC time: 14:36:52, date: 04/17/18
[   11.448858] NET: Registered protocol family 16
[   11.495468] cpuidle: using governor ladder
[   11.546468] cpuidle: using governor menu
[   11.566925] PCCT header not found.
[   11.601962] ACPI: bus type PCI registered
[   11.625752] acpiphp: ACPI Hot Plug PCI Controller Driver version: 0.5
[   11.701896] PCI: Using configuration type 1 for base access
[   11.738389] ACPI: Added _OSI(Module Device)
[   11.766590] ACPI: Added _OSI(Processor Device)
[   11.792206] ACPI: Added _OSI(3.0 _SCP Extensions)
[   11.844315] ACPI: Added _OSI(Processor Aggregator Device)
[   11.920048] ACPI: Executed 1 blocks of module-level executable AML code
[   12.064667] ACPI: Interpreter enabled
[   12.096431] ACPI: (supports S0 S5)
[   12.110902] ACPI: Using IOAPIC for interrupt routing
[   12.133580] PCI: Using host bridge windows from ACPI; if necessary, use "pci=nocrs" and report a bug
[   12.175620] ACPI: PCI Root Bridge [PCI0] (domain 0000 [bus 00-ff])
[   12.194927] acpi PNP0A03:00: _OSC: OS supports [ASPM ClockPM Segments MSI]
[   12.208803] acpi PNP0A03:00: _OSC: not requesting OS control; OS requires [ExtendedConfig ASPM ClockPM MSI]
[   12.280971] acpi PNP0A03:00: fail to add MMCONFIG information, can't access extended PCI configuration space under this bridge.
[   12.468572] PCI host bridge to bus 0000:00
[   12.560866] pci_bus 0000:00: root bus resource [io  0x0000-0x0cf7 window]
[   12.678870] pci_bus 0000:00: root bus resource [io  0x0d00-0xffff window]
[   12.777695] pci_bus 0000:00: root bus resource [mem 0x000a0000-0x000bffff window]
[   12.948539] pci_bus 0000:00: root bus resource [mem 0x20000000-0xffdfffff window]
[   13.065242] pci_bus 0000:00: root bus resource [bus 00-ff]
[   13.167611] pci 0000:00:01.1: legacy IDE quirk: reg 0x10: [io  0x01f0-0x01f7]
[   13.302327] pci 0000:00:01.1: legacy IDE quirk: reg 0x14: [io  0x03f6]
[   13.333151] pci 0000:00:01.1: legacy IDE quirk: reg 0x18: [io  0x0170-0x0177]
[   13.372261] pci 0000:00:01.1: legacy IDE quirk: reg 0x1c: [io  0x0376]
[   13.473034] pci 0000:00:07.0: quirk: [io  0x4000-0x403f] claimed by PIIX4 ACPI
[   13.609573] pci 0000:00:07.0: quirk: [io  0x4100-0x410f] claimed by PIIX4 SMB
[   13.709554] ACPI: PCI Interrupt Link [LNKA] (IRQs 5 9 10)
[   14.063322] ACPI: PI Interrupt Link [LNKB] (IRQs 5 9 10 *11)
[   14.177988] ACPI: PCI Interrupt Link [LNKC] (IRQs 5 9 *10 11)
[   14.322507] ACPI: PCI Interrupt Link [LNKD] (IRQs 5 *9 10 11)
[   14.387698] ACPI: Enabled 2 GPEs in block 00 to 07
[   14.539526] vgaarb: setting as boot device: PCI:0000:00:02.0
[   14.611590] vgaarb: device added: PCI:0000:00:02.0,decodes=io+mem,owns=io+mem,locks=none
[   14.650181] vgaarb: loaded
[   14.676277] vgaarb: bridge control possible 0000:00:02.0
[   14.713052] SCSI subsystem initialized
[   14.732471] ACPI: bus type USB registered
[   14.743995] usbcore: registered new interface driver usbfs
[   14.800696] usbcore: registered new interface driver hub
[   14.885095] usbcore: registered new device driver usb
[   14.926837] PCI: Using ACPI for IRQ routing
[   14.988098] NetLabel: Initializing
[   15.055901] NetLabel:  domain hash size = 128
[   15.087985] NetLabel:  protocols = UNLABELED CIPSOv4
[   15.117298] NetLabel:  unlabeled traffic allowed by default
[   15.174587] amd_nb: Cannot enumerate AMD northbridges
[   15.222609] clocksource: Switched to clocksource kvm-clock
[   15.285128] AppArmor: AppArmor Filesystem Enabled
[   15.317228] pnp: PnP ACPI init
[   15.342497] pnp: PnP ACPI: found 3 devices
[   15.383064] clocksource: acpi_pm: mask: 0xffffff max_cycles: 0xffffff, max_idle_ns: 2085701024 ns
[   15.501581] NET: Registered protocol family 2
[   15.546166] TCP established hash table entries: 4096 (order: 3, 32768 bytes)
[   15.607694] TCP bind hash table entries: 4096 (order: 4, 65536 bytes)
[   15.658385] TCP: Hash tables configured (established 4096 bind 4096)
[   15.739387] UDP hash table entries: 256 (order: 1, 8192 bytes)
[   15.884731] UDP-Lite hash table entries: 256 (order: 1, 8192 bytes)
[   15.951308] NET: Registered protocol family 1
[   16.005608] pci 0000:00:00.0: Limiting direct PCI/PCI transfers
[   16.035410] pci 0000:00:01.0: Activating ISA DMA hang workarounds
[   16.084285] Unpacking initramfs...
[   17.011946] Freeing initrd memory: 15276K
[   17.041144] RAPL PMU detected, API unit is 2^-32 Joules, 3 fixed counters 10737418240 ms ovfl timer
[   17.093368] hw unit of domain pp0-core 2^-0 Joules
[   17.103013] hw unit of domain package 2^-0 Joules
[   17.135132] hw unit of domain pp1-gpu 2^-0 Joules
[   17.159658] platform rtc_cmos: registered platform RTC device (no PNP device found)
[   17.205465] Scanning for low memory corruption every 60 seconds
[   17.267873] audit: initializing netlink subsys (disabled)
[   17.331840] audit: type=2000 audit(1523975809.993:1): initialized
[   17.378978] Initialise system trusted keyring
[   17.401315] HugeTLB registered 2 MB page size, pre-allocated 0 pages
[   17.448031] zbud: loaded
[   17.497036] VFS: Disk quotas dquot_6.6.0
[   17.526216] VFS: Dquot-cache hash table entries: 512 (order 0, 4096 bytes)
[   17.581687] squashfs: version 4.0 (2009/01/31) Phillip Lougher
[   17.617488] fuse init (API version 7.23)
[   17.643268] Key type big_key registered
[   17.649935] Allocating IMA MOK and blacklist keyrings.
[   17.667632] Key type asymmetric registered
[   17.710207] Asymmetric key parser 'x509' registered
[   17.781272] Block layer SCSI generic (bsg) driver version 0.4 loaded (major 249)
[   18.141525] io scheduler noop registered
[   18.165733] tsc: Refined TSC clocksource calibration: 2295.873 MHz
[   18.184856] clocksource: tsc: mask: 0xffffffffffffffff max_cycles: 0x2117faae817, max_idle_ns: 440795316917 ns
[   18.219714] io scheduler deadline registered (default)
[   18.249852] io scheduler cfq registered
[   18.270249] pci_hotplug: PCI Hot Plug PCI Core version: 0.5
[   18.292830] pciehp: PCI Express Hot Plug Controller Driver version: 0.4
[   18.321621] ACPI: AC Adapter [AC] (on-line)
[   18.344315] input: Power Button as /devices/LNXSYSTM:00/LNXPWRBN:00/input/input0
[   18.387835] ACPI: Power Button [PWRF]
[   18.394080] input: Sleep Button as /devices/LNXSYSTM:00/LNXSLPBN:00/input/input1
[   18.432591] ACPI: Sleep Button [SLPF]
[   18.462874] GHES: HEST is not enabled!
[   18.476941] ACPI: Battery Slot [BAT0] (battery present)
[   18.513216] Serial: 8250/16550 driver, 32 ports, IRQ sharing enabled
[   18.592272] 00:02: ttyS0 at I/O 0x3f8 (irq = 4, base_baud = 115200) is a 16550A
[   18.692253] Linux agpgart interface v0.103
[   18.708914] loop: module loaded
[   18.718607] scsi host0: ata_piix
[   18.736068] scsi host1: ata_piix
[   18.745885] ata1: PATA max UDMA/33 cmd 0x1f0 ctl 0x3f6 bmdma 0xd000 irq 14
[   18.806291] ata2: PATA max UDMA/33 cmd 0x170 ctl 0x376 bmdma 0xd008 irq 15
[   18.848736] libphy: Fixed MDIO Bus: probed
[   18.877585] tun: Universal TUN/TAP device driver, 1.6
[   19.009630] tun: (C) 1999-2004 Max Krasnyansky <maxk@qualcomm.com>
[   19.054634] PPP generic driver version 2.4.2
[   19.066163] ehci_hcd: USB 2.0 'Enhanced' Host Controller (EHCI) Driver
[   19.087690] ehci-pci: EHCI PCI platform driver
[   19.115579] ehci-platform: EHCI generic platform driver
[   19.200976] ohci_hcd: USB 1.1 'Open' Host Controller (OHCI) Driver
[   19.266962] ohci-pci: OHCI PCI platform driver
[   19.327697] ohci-platform: OHCI generic platform driver
[   19.369659] uhci_hcd: USB Universal Host Controller Interface driver
[   19.436177] i8042: PNP: PS/2 Controller [PNP0303:PS2K,PNP0f03:PS2M] at 0x60,0x64 irq 1,12
[   19.504161] serio: i8042 KBD port at 0x60,0x64 irq 1
[   19.647848] serio: i8042 AUX port at 0x60,0x64 irq 12
[   19.675564] mousedev: PS/2 mouse device common for all mice
[   19.702799] input: AT Translated Set 2 keyboard as /devices/platform/i8042/serio0/input/input2
[   19.772819] rtc_cmos rtc_cmos: rtc core: registered rtc_cmos as rtc0
[   19.804161] rtc_cmos rtc_cmos: alarms up to one day, 114 bytes nvram
[   19.819953] i2c /dev entries driver
[   19.834526] device-mapper: uevent: version 1.0.3
[   19.856467] device-mapper: ioctl: 4.34.0-ioctl (2015-10-28) initialised: dm-devel@redhat.com
[   19.904769] ledtrig-cpu: registered to indicate activity on CPUs
[   19.933182] NET: Registered protocol family 10
[   19.961555] NET: Registered protocol family 17
[   19.978180] Key type dns_resolver registered
[   19.991270] registered taskstats version 1
[   20.026745] Loading compiled-in X.509 certificates
[   20.048874] Loaded X.509 cert 'Build time autogenerated kernel key: f854e06633b5f496ced5b2e02c7b14f761b69302'
[   20.091773] zswap: loaded using pool lzo/zbud
[   20.116886] Key type trusted registered
[   20.147946] Key type encrypted registered
[   20.173392] AppArmor: AppArmor sha1 policy hashing enabled
[   20.189372] ima: No TPM chip found, activating TPM-bypass!
[   20.204934] evm: HMAC attrs: 0x1
[   20.230605]   Magic number: 14:330:637
[   20.256572] rtc_cmos rtc_cmos: setting system clock to 2018-04-17 14:37:01 UTC (1523975821)
[   20.308810] BIOS EDD facility v0.16 2004-Jun-25, 0 devices found
[   20.341450] EDD information not available.
[   20.361923] Freeing unused kernel memory: 1508K
[   20.382406] Write protecting the kernel read-only data: 14336k
[   20.495686] Freeing unused kernel memory: 1696K
[   20.599207] Freeing unused kernel memory: 100K
Loading, please wait...
starting version[   20.672725] random: systemd-udevd: uninitialized urandom read (16 bytes read, 4 bits of entropy available)
 229
[   20.788544] random: udevadm: uninitialized urandom read (16 bytes read, 4 bits of entropy available)
[   21.009054] random: systemd-udevd: uninitialized urandom read (16 bytes read, 4 bits of entropy available)
[   21.164646] random: udevadm: uninitialized urandom read (16 bytes read, 4 bits of entropy available)
[   21.283358] random: systemd-udevd: uninitialized urandom read (16 bytes read, 4 bits of entropy available)
[   21.443942] random: udevadm: uninitialized urandom read (16 bytes read, 4 bits of entropy available)
[   21.558695] random: systemd-udevd: uninitialized urandom read (16 bytes read, 4 bits of entropy available)
[   21.680790] random: udevadm: uninitialized urandom read (16 bytes read, 4 bits of entropy available)
[   21.732536] random: systemd-udevd: uninitialized urandom read (16 bytes read, 4 bits of entropy available)
[   21.770070] random: udevadm: uninitialized urandom read (16 bytes read, 4 bits of entropy available)
[   22.066132] e1000: Intel(R) PRO/1000 Network Driver - version 7.3.21-k8-NAPI
[   22.129914] e1000: Copyright (c) 1999-2006 Intel Corporation.
[   22.285844] Fusion MPT base driver 3.04.20
[   22.312025] Copyright (c) 1999-2008 LSI Corporation
[   22.418943] AVX version of gcm_enc/dec engaged.
[   22.430389] AES CTR mode by8 optimization enabled
[   22.546176] Fusion MPT SPI Host driver 3.04.20
[   22.596649] mptbase: ioc0: Initiating bringup
[   22.657365] input: ImExPS/2 Generic Explorer Mouse as /devices/platform/i8042/serio1/input/input4
[   22.774961] ioc0: LSI53C1030 A0: Capabilities={Initiator}
[   22.952007] scsi host2: ioc0: LSI53C1030 A0, FwRev=00000000h, Ports=1, MaxQ=256, IRQ=20
[   23.115589] scsi 2:0:0:0: Direct-Access     VBOX     HARDDISK         1.0  PQ: 0 ANSI: 5
[   23.159685] scsi target2:0:0: Beginning Domain Validation
[   23.211951] scsi target2:0:0: Domain Validation skipping write tests
[   23.221854] scsi target2:0:0: Ending Domain Validation
[   23.285943] scsi target2:0:0: asynchronous
[   23.356701] scsi 2:0:1:0: Direct-Access     VBOX     HARDDISK         1.0  PQ: 0 ANSI: 5
[   23.741002] scsi target2:0:1: Beginning Domain Validation
[   23.963502] scsi target2:0:1: Domain Validation skipping write tests
[   24.060304] scsi target2:0:1: Ending Domain Validation
[   24.161490] scsi target2:0:1: asynchronous
[   24.273294] e1000 0000:00:03.0 eth0: (PCI:33MHz:32-bit) 02:1f:2a:60:99:e3
[   24.363947] e1000 0000:00:03.0 eth0: Intel(R) PRO/1000 Network Connection
[   24.466931] sd 2:0:0:0: Attached scsi generic sg0 type 0
[   24.550797] sd 2:0:0:0: [sda] 20971520 512-byte logical blocks: (10.7 GB/10.0 GiB)
[   24.604535] sd 2:0:0:0: [sda] Write Protect is off
[   24.653908] sd 2:0:1:0: [sdb] 20480 512-byte logical blocks: (10.5 MB/10.0 MiB)
[   24.683589] sd 2:0:1:0: Attached scsi generic sg1 type 0
[   24.716957] sd 2:0:0:0: [sda] Incomplete mode parameter data
[   24.750621] sd 2:0:0:0: [sda] Assuming drive cache: write through
[   24.808164] sd 2:0:1:0: [sdb] Write Protect is off
[   25.043306] sd 2:0:1:0: [sdb] Incomplete mode parameter data
[   25.066242] sd 2:0:1:0: [sdb] Assuming drive cache: write through
[   25.129470]  sda: sda1
[   25.204381] sd 2:0:0:0: [sda] Attached SCSI disk
[   25.276725] sd 2:0:1:0: [sdb] Attached SCSI disk
[   25.378296] floppy0: no floppy controllers found
[   26.140983] e1000 0000:00:08.0 eth1: (PCI:33MHz:32-bit) 08:00:27:96:b3:3f
[   26.180636] e1000 0000:00:08.0 eth1: Intel(R) PRO/1000 Network Connection
[   26.246877] e1000 0000:00:08.0 enp0s8: renamed from eth1
[   26.264197] e1000 0000:00:03.0 enp0s3: renamed from eth0
Begin: Loading e[   27.731643] md: linear personality registered for level -1
ssential drivers[   27.849335] md: multipath personality registered for level -4
 ... [   27.983865] md: raid0 personality registered for level 0
[   28.100186] md: raid1 personality registered for level 1
[   28.238685] raid6: sse2x1   gen()  4343 MB/s
[   28.342682] raid6: sse2x1   xor()  3811 MB/s
[   28.514702] raid6: sse2x2   gen()  7409 MB/s
[   28.606625] raid6: sse2x2   xor()  5535 MB/s
[   28.710692] raid6: sse2x4   gen()  8772 MB/s
[   28.806682] raid6: sse2x4   xor()  6175 MB/s
[   28.859775] raid6: using algorithm sse2x4 gen() 8772 MB/s
[   28.882457] raid6: .... xor() 6175 MB/s, rmw enabled
[   28.909206] raid6: using ssse3x2 recovery algorithm
[   28.957967] xor: automatically using best checksumming function:
[   29.014851]    avx       : 14328.000 MB/sec
[   29.044375] async_tx: api initialized (async)
[   29.096435] md: raid6 personality registered for level 6
[   29.121362] md: raid5 personality registered for level 5
[   29.127839] md: raid4 personality registered for level 4
[   29.184262] md: raid10 personality registered for level 10
done.
Begin: Running /scripts/init-p[   29.323123] Btrfs loaded
remount ... done.
Begin: Mounting root file system ... Begin: Running /scripts/local-top ... done.
Begin: Running /scripts/local-premount ... Scanning for Btrfs filesystems
done.
Warning: fsck no[   29.558364] EXT4-fs (sda1): mounted filesystem with ordered data mode. Opts: (null)
t present, so skipping root file system
done.
Begin: Running /scripts/local-bottom ... done.
Begin: Running /scripts/init-bottom ... done.
[   29.780245] systemd[1]: systemd 229 running in system mode. (+PAM +AUDIT +SELINUX +IMA +APPARMOR +SMACK +SYSVINIT +UTMP +LIBCRYPTSETUP +GCRYPT +GNUTLS +ACL +XZ -LZ4 +SECCOMP +BLKID +ELFUTILS +KMOD -IDN)
[   29.880622] systemd[1]: Detected virtualization oracle.
[   29.929075] systemd[1]: Detected architecture x86-64.

Welcome to [1mUbuntu 16.04.3 LTS[0m!

[   29.990257] systemd[1]: Set hostname to <content>.
[   30.188442] random: nonblocking pool is initialized
[   30.332474] systemd[1]: Started Trigger resolvconf update for networkd DNS.
[[0;32m  OK  [0m] Started Trigger resolvconf update for networkd DNS.
[   30.531578] systemd[1]: Listening on Journal Socket (/dev/log).
[[0;32m  OK  [0m] Listening on Journal Socket (/dev/log).
[   30.651344] systemd[1]: Reached target Encrypted Volumes.
[[0;32m  OK  [0m] Reached target Encrypted Volumes.
[   30.727251] systemd[1]: Listening on LVM2 poll daemon socket.
[[0;32m  OK  [0m] Listening on LVM2 poll daemon socket.
[   30.875405] systemd[1]: Listening on LVM2 metadata daemon socket.
[[0;32m  OK  [0m] Listening on LVM2 metadata daemon socket.
[   31.027807] systemd[1]: Created slice User and Session Slice.
[[0;32m  OK  [0m] Created slice User and Session Slice.
[   31.223162] systemd[1]: Listening on Device-mapper event daemon FIFOs.
[[0;32m  OK  [0m] Listening on Device-mapper event daemon FIFOs.
[   31.379861] systemd[1]: Reached target User and Group Name Lookups.
[[0;32m  OK  [0m] Reached target User and Group Name Lookups.
[   31.535465] systemd[1]: Listening on Journal Audit Socket.
[[0;32m  OK  [0m] Listening on Journal Audit Socket.
[   31.595202] systemd[1]: Listening on Journal Socket.
[[0;32m  OK  [0m] Listening on Journal Socket.
[   31.718595] systemd[1]: Reached target Swap.
[[0;32m  OK  [0m] Reached target Swap.
[   31.771399] systemd[1]: Listening on /dev/initctl Compatibility Named Pipe.
[[0;32m  OK  [0m] Listening on /dev/initctl Compatibility Named Pipe.
[   31.823754] systemd[1]: Created slice System Slice.
[[0;32m  OK  [0m] Created slice System Slice.
[   31.865341] systemd[1]: Mounting RPC Pipe File System...
         Mounting RPC Pipe File System...[   31.920962] RPC: Registered named UNIX socket transport module.

[   31.999126] RPC: Registered udp transport module.
[   32.044605] RPC: Registered tcp transport module.
[   32.144977] RPC: Registered tcp NFSv4.1 backchannel transport module.
[   32.241180] systemd[1]: Starting Load Kernel Modules...
         Starting Load Ke[   32.320377] Loading iSCSI transport class v2.0-870.
rnel Modules...[   32.409790] iscsi: registered transport (tcp)

[   32.527717] systemd[1]: Reached target Slices.
[[0;32m  OK  [0m] Reached targe[   32.652408] iscsi: registered transport (iser)
t Slices.
[   32.789029] systemd[1]: Starting Remount Root and Kernel File Systems...
         [   32.873547] EXT4-fs (sda1): re-mounted. Opts: (null)
Starting Remount Root and Kernel File Systems...
[   33.001046] systemd[1]: Starting Monitoring of LVM2 mirrors, snapshots etc. using dmeventd or progress polling...
         Starting Monitoring of LVM2 mirrors... dmeventd or progress polling...
[   33.207157] systemd[1]: Mounting POSIX Message Queue File System...
         Mounting POSIX Message Queue File System...
[   33.321947] systemd[1]: Mounting Debug File System...
         Mounting Debug File System...
[   33.398958] systemd[1]: Starting Set console keymap...
         Starting Set console keymap...
[   33.469608] systemd[1]: Mounting Huge Pages File System...
         Mounting Huge Pages File System...
[   33.548949] systemd[1]: Starting Nameserver information manager...
         Starting Nameserver information manager...
[   33.656114] systemd[1]: Created slice system-serial\x2dgetty.slice.
[[0;32m  OK  [0m] Created slice system-serial\x2dgetty.slice.
[   33.683236] systemd[1]: Listening on udev Kernel Socket.
[[0;32m  OK  [0m] Listening on udev Kernel Socket.
[   33.746895] systemd[1]: Listening on udev Control Socket.
[[0;32m  OK  [0m] Listening on udev Control Socket.
[   33.812431] systemd[1]: Set up automount Arbitrary Executable File Formats File System Automount Point.
[[0;32m  OK  [0m] Set up automount Arbitrary Executab...ats File System Automount Point.
[   34.013465] systemd[1]: Starting Uncomplicated firewall...
         Starting Uncomplicated firewall...
[   34.563606] systemd[1]: Started Forward Password Requests to Wall Directory Watch.
[[0;32m  OK  [0m] Started Forward Password Requests to Wall Directory Watch.
[   34.703626] systemd[1]: Listening on Syslog Socket.
[[0;32m  OK  [0m] Listening on Syslog Socket.
[   34.796705] systemd[1]: Starting Journal Service...
         Starting Journal Service...
[   34.864952] systemd[1]: Starting Create list of required static device nodes for the current kernel...
         Starting Create list of required st... nodes for the current kernel...
[   34.951560] systemd[1]: Mounted RPC Pipe File System.
[[0;32m  OK  [0m] Mounted RPC Pipe File System.
[   35.039527] systemd[1]: Mounted Huge Pages File System.
[[0;32m  OK  [0m] Mounted Huge Pages File System.
[   35.163548] systemd[1]: Mounted Debug File System.
[[0;32m  OK  [0m] Mounted Debug File System.
[   35.303343] systemd[1]: Mounted POSIX Message Queue File System.
[[0;32m  OK  [0m] Mounted POSIX Message Queue File System.
[   35.479777] systemd[1]: Started Journal Service.
[[0;32m  OK  [0m] Started Journal Service.
[[0;32m  OK  [0m] Started Load Kernel Modules.
[[0;32m  OK  [0m] Started Remount Root and Kernel File Systems.
[[0;32m  OK  [0m] Started Set console keymap.
[[0;32m  OK  [0m] Started Uncomplicated firewall.
[[0;32m  OK  [0m] Started Create list of required sta...ce nodes for the current kernel.
[[0;32m  OK  [0m] Started Nameserver information manager.
[[0;32m  OK  [0m] Started LVM2 metadata daemon.
         Starting Create Static Device Nodes in /dev...
         Starting Initial cloud-init job (pre-networking)...
         Starting udev Coldplug all Devices...
         Starting Load/Save Random Seed...
         Starting Apply Kernel Variables...
         Mounting FUSE Control File System...
         Starting Flush Journal to Persistent Storage...
[[0;32m  OK  [0m] Mounted FUSE Control File System.
[[0;32m  OK  [0m] Started Monitoring of LVM2 mirrors,...ng dmeventd or progress polling.
[[0;32m  OK  [0m] Started Create Static Device Nodes in /dev.
[[0;32m  OK  [0m] Started Load/Save Random Seed.
[[0;32m  OK  [0m] Started Apply Kernel Variables.
[[0;32m  OK  [0m] Started udev Coldplug all Devices.
         Starting udev Kernel Device Manager...
[[0;32m  OK  [0m] Started Flush Journal to Persistent Storage.
[[0;32m  OK  [0m] Started udev Kernel Device Manager.
[[0;32m  OK  [0m] Reached target Local File Systems (Pre).
[[0;32m  OK  [0m] Reached target Local File Systems.
         Starting Preprocess NFS configuration...
         Starting Set console font and keymap...
         Starting LSB: AppArmor initialization...
         Starting Tell Plymouth To Write Out Runtime Data...
[[0;32m  OK  [0m] Started Dispatch Password Requests to Console Directory Watch.
         Starting Create Volatile Files and Directories...
[[0;32m  OK  [0m] Started Preprocess NFS configuration.
[[0;32m  OK  [0m] Started Tell Plymouth To Write Out Runtime Data.
[[0;32m  OK  [0m] Started Create Volatile Files and Directories.
         Starting Update UTMP about System Boot/Shutdown...
[[0;32m  OK  [0m] Reached target System Time Synchronized.
[[0;32m  OK  [0m] Reached target NFS client services.
[[0;32m  OK  [0m] Started Update UTMP about System Boot/Shutdown.
[[0;32m  OK  [0m] Started LSB: AppArmor initialization.
[[0;32m  OK  [0m] Started Set console font and keymap.
[   24.197157] cloud-init[460]: Cloud-init v. 17.1 running 'init-local' at Tue, 17 Apr 2018 14:37:18 +0000. Up 22.96 seconds.
[[0;32m  OK  [0m] Started Initial cloud-init job (pre-networking).
[[0;32m  OK  [0m] Found device /dev/ttyS0.
[[0;32m  OK  [0m] Listening on Load/Save RF Kill Switch Status /dev/rfkill Watch.
[[0;32m  OK  [0m] Reached target Network (Pre).
[[0;32m  OK  [0m] Started ifup for enp0s3.
[[0;32m  OK  [0m] Started ifup for enp0s8.
[[0;32m  OK  [0m] Created slice system-getty.slice.
         Starting Raise network interfaces...
[[0;32m  OK  [0m] Found device 82540EM Gigabit Ethern...r (PRO/1000 MT Desktop Adapter).
[[0;32m  OK  [0m] Found device 82540EM Gigabit Ethern...r (PRO/1000 MT Desktop Adapter).
[[0;32m  OK  [0m] Started Raise network interfaces.
[[0;32m  OK  [0m] Reached target Network.
         Starting Initial cloud-init job (metadata service crawler)...
[   27.603632] cloud-init[1075]: Cloud-init v. 17.1 running 'init' at Tue, 17 Apr 2018 14:37:22 +0000. Up 27.07 seconds.
[   27.741193] cloud-init[1075]: ci-info: ++++++++++++++++++++++++++++++++++++++Net device info++++++++++++++++++++++++++++++++++++++
[   27.848936] cloud-init[1075]: ci-info: +--------+------+-----------------------------+---------------+-------+-------------------+
[   27.850066] cloud-init[1075]: ci-info: | Device |  Up  |           Address           |      Mask     | Scope |     Hw-Address    |
[   27.850452] cloud-init[1075]: ci-info: +--------+------+-----------------------------+---------------+-------+-------------------+
[   27.850866] cloud-init[1075]: ci-info: | enp0s3 | True |          10.0.2.15          | 255.255.255.0 |   .   | 02:1f:2a:60:99:e3 |
[   27.851183] cloud-init[1075]: ci-info: | enp0s3 | True |  fe80::1f:2aff:fe60:99e3/64 |       .       |  link | 02:1f:2a:60:99:e3 |
[   27.851553] cloud-init[1075]: ci-info: | enp0s8 | True |        192.160.14.15        | 255.255.255.0 |   .   | 08:00:27:96:b3:3f |
[   27.851836] cloud-init[1075]: ci-info: | enp0s8 | True | fe80::a00:27ff:fe96:b33f/64 |       .       |  link | 08:00:27:96:b3:3f |
[[0;32m  OK  [0m] Started Initial cloud-init job (metadata service crawler).
[   27.852120] cloud-init[1075]: ci-info: |   lo   | True |          127.0.0.1          |   255.0.0.0   |   .   |         .         |
[[0;32m  OK  [0m[   28.572617] cloud-init[1075]: ci-info: |   lo   | True |           ::1/128           |       .       |  host |         .         |
[   28.572820] cloud-init[1075]: ci-info: +--------+------+-----------------------------+---------------+-------+-------------------+
[   28.573019] cloud-init[1075]: ci-info: ++++++++++++++++++++++++++++Route IPv4 info++++++++++++++++++++++++++++
[   28.573177] cloud-init[1075]: ci-info: +-------+--------------+----------+---------------+-----------+-------+
[   28.573382] cloud-init[1075]: ci-info: | Route | Destination  | Gateway  |    Genmask    | Interface | Flags |
[   28.573497] cloud-init[1075]: ci-info: +-------+--------------+----------+---------------+-----------+-------+
[   28.573671] cloud-init[1075]: ci-info: |   0   |   0.0.0.0    | 10.0.2.2 |    0.0.0.0    |   enp0s3  |   UG  |
[   28.573862] cloud-init[1075]: ci-info: |   1   |   10.0.2.0   | 0.0.0.0  | 255.255.255.0 |   enp0s3  |   U   |
[   28.574010] cloud-init[1075]: ci-info: |   2   | 192.160.14.0 | 0.0.0.0  | 255.255.255.0 |   enp0s8  |   U   |
[   28.574297] cloud-init[1075]: ci-info: +-------+--------------+----------+---------------+-----------+-------+
] Reached target Network is Online.
         Starting iSCSI initiator daemon (iscsid)...
[[0;32m  OK  [0m] Reached target System Initialization.
[[0;32m  OK  [0m] Started Daily Cleanup of Temporary Directories.
[[0;32m  OK  [0m] Listening on D-Bus System Message Bus Socket.
[[0;32m  OK  [0m] Listening on RPCbind Server Activation Socket.
[[0;32m  OK  [0m] Listening on ACPID Listen Socket.
         Starting Socket activation for snappy daemon.
[[0;32m  OK  [0m] Listening on UUID daemon activation socket.
[[0;32m  OK  [0m] Started Timer to automatically refresh installed snaps.
[[0;32m  OK  [0m] Started Daily apt download activities.
[[0;32m  OK  [0m] Started Daily apt upgrade and clean activities.
[[0;32m  OK  [0m] Started Clean PHP session files every 30 mins.
[[0;32m  OK  [0m] Reached target Timers.
[[0;32m  OK  [0m] Started ACPI Events Check.
[[0;32m  OK  [0m] Reached target Paths.
         Starting LXD - unix socket.
[[0;32m  OK  [0m] Reached target Cloud-config availability.
[[0;32m  OK  [0m] Listening on Socket activation for snappy daemon.
[[0;32m  OK  [0m] Listening on LXD - unix socket.
[[0;32m  OK  [0m] Started iSCSI initiator daemon (iscsid).
         Starting Login to default iSCSI targets...
[[0;32m  OK  [0m] Reached target Sockets.
[[0;32m  OK  [0m] Reached target Basic System.
         Starting LSB: MD monitoring daemon...
         Starting Apply the settings specified in cloud-config...
         Starting The PHP 7.1 FastCGI Process Manager...
         Starting /etc/rc.local Compatibility...
         Starting Login Service...
         Starting LSB: Record successful boot for GRUB...
         Starting System Logging Service...
[[0;32m  OK  [0m] Started FUSE filesystem for LXC.
         Starting Accounts Service...
[[0;32m  OK  [0m] Started Regular background program processing daemon.
[[0;32m  OK  [0m] Started Deferred execution scheduler.
[[0;32m  OK  [0m] Started Unattended Upgrades Shutdown.
         Starting OpenBSD Secure Shell server...
         Starting MySQL Community Server...
[[0;32m  OK  [0m] Started D-Bus System Message Bus.
[[0;32m  OK  [0m] Started ACPI event daemon.
         Starting Snappy daemon...
         Starting LXD - container startup/shutdown...
[[0;32m  OK  [0m] Started System Logging Service.
[[0;32m  OK  [0m] Started OpenBSD Secure Shell server.
[[0;32m  OK  [0m] Started /etc/rc.local Compatibility.
[[0;32m  OK  [0m] Started Login to default iSCSI targets.
[[0;32m  OK  [0m] Started LSB: MD monitoring daemon.
[[0;32m  OK  [0m] Started LSB: Record successful boot for GRUB.
[[0;32m  OK  [0m] Started LXD - container startup/shutdown.
[[0;32m  OK  [0m] Started Login Service.
         Starting Authenticate and Authorize Users to Run Privileged Tasks...
[[0;32m  OK  [0m] Reached target Remote File Systems (Pre).
[[0;32m  OK  [0m] Reached target Remote File Systems.
         Starting LSB: Set the CPU Frequency Scaling governor to "ondemand"...
         Starting LSB: Apache2 web server...
         Starting LSB: automatic crash report generation...
         Starting LSB: VirtualBox Linux Additions...
         Starting Permit User Sessions...
         Starting LSB: daemon to balance interrupts for SMP systems...
[[0;32m  OK  [0m] Started Snappy daemon.
[[0;32m  OK  [0m] Started Permit User Sessions.
[[0;32m  OK  [0m] Started Authenticate and Authorize Users to Run Privileged Tasks.
[[0;32m  OK  [0m] Started Accounts Service.
         Starting Hold until boot process finishes up...
         Starting Terminate Plymouth Boot Screen...
[[0;32m  OK  [0m] Started LSB: Set the CPU Frequency Scaling governor to "ondemand".
[[0;32m  OK  [0m] Started LSB: automatic crash report generation.
[[0;32m  OK  [0m] Started Hold until boot process finishes up.
[[0;32m  OK  [0m] Started Terminate Plymouth Boot Screen.
[[0;32m  OK  [0m] Created slice User Slice of vagrant.
         Starting User Manager for UID 1000...
[[0;32m  OK  [0m] Started Session 1 of user vagrant.
         Starting Set console scheme...
[[0;32m  OK  [0m] Started Serial Getty on ttyS0.
[[0;32m  OK  [0m] Started Getty on tty1.
[[0;32m  OK  [0m] Reached target Login Prompts.
[[0;32m  OK  [0m] Started The PHP 7.1 FastCGI Process Manager.
[[0;32m  OK  [0m] Started User Manager for UID 1000.
[[0;32m  OK  [0m] Started LSB: VirtualBox Linux Additions.
[[0;32m  OK  [0m] Started LSB: daemon to balance interrupts for SMP systems.
[[0;32m  OK  [0m] Started Set console scheme.
[[0;32m  OK  [0m] Started LSB: Apache2 web server.
[   37.716357] cloud-init[1142]: Cloud-init v. 17.1 running 'modules:config' at Tue, 17 Apr 2018 14:37:32 +0000. Up 36.97 seconds.
[[0;32m  OK  [0m] Started Apply the settings specified in cloud-config.
[[0;32m  OK  [0m] Started MySQL Community Server.
[[0;32m  OK  [0m] Reached target Multi-User System.
         Starting Execute cloud user/final scripts...
[[0;32m  OK  [0m] Reached target Graphical Interface.
         Starting Update UTMP about System Runlevel Changes...
[[0;32m  OK  [0m] Started Update UTMP about System Runlevel Changes.
[   39.858510] cloud-init[1824]: Cloud-init v. 17.1 running 'modules:final' at Tue, 17 Apr 2018 14:37:35 +0000. Up 39.61 seconds.
[[   40.289126] cloud-init[1824]: Cloud-init v. 17.1 finished at Tue, 17 Apr 2018 14:37:35 +0000. Datasource DataSourceNoCloud [seed=/dev/sdb][dsmode=net].  Up 39.84 seconds
[0;32m  OK  [0m] Started Execute cloud user/final scripts.

Ubuntu 16.04.3 LTS content ttyS0

content login: 